Microsoft (R) Macro Assembler Version 14.00.24210.0	    04/27/26 23:34:52
hangman_art.asm						     Page 1 - 1


				.386
				.model flat, stdcall
				option casemap:none

				PUBLIC hangman_pointers
				PUBLIC max_wrong
				PUBLIC titleArt

 00000000			.data

 00000000 20 5F 5F 5F 5F	titleArt BYTE " _______  __   __  _______  _______  ______                         ",13,10
	   5F 5F 5F 20 20
	   5F 5F 20 20 20
	   5F 5F 20 20 5F
	   5F 5F 5F 5F 5F
	   5F 20 20 5F 5F
	   5F 5F 5F 5F 5F
	   20 20 5F 5F 5F
	   5F 5F 5F 20 20
	   20 20 20 20 20
	   20 20 20 20 20
	   20 20 20 20 20
	   20 20 20 20 20
	   20 20 20 0D 0A
 00000046  7C 20 20 20 20	         BYTE "|       ||  | |  ||       ||       ||    _ |                        ",13,10
	   20 20 20 7C 7C
	   20 20 7C 20 7C
	   20 20 7C 7C 20
	   20 20 20 20 20
	   20 7C 7C 20 20
	   20 20 20 20 20
	   7C 7C 20 20 20
	   20 5F 20 7C 20
	   20 20 20 20 20
	   20 20 20 20 20
	   20 20 20 20 20
	   20 20 20 20 20
	   20 20 20 0D 0A
 0000008C  7C 20 20 5F 5F	         BYTE "|  _____||  | |  ||    _  ||    ___||   | ||                        ",13,10
	   5F 5F 5F 7C 7C
	   20 20 7C 20 7C
	   20 20 7C 7C 20
	   20 20 20 5F 20
	   20 7C 7C 20 20
	   20 20 5F 5F 5F
	   7C 7C 20 20 20
	   7C 20 7C 7C 20
	   20 20 20 20 20
	   20 20 20 20 20
	   20 20 20 20 20
	   20 20 20 20 20
	   20 20 20 0D 0A
 000000D2  7C 20 7C 5F 5F	         BYTE "| |_____ |  |_|  ||   |_| ||   |___ |   |_||_                       ",13,10
	   5F 5F 5F 20 7C
	   20 20 7C 5F 7C
	   20 20 7C 7C 20
	   20 20 7C 5F 7C
	   20 7C 7C 20 20
	   20 7C 5F 5F 5F
	   20 7C 20 20 20
	   7C 5F 7C 7C 5F
	   20 20 20 20 20
	   20 20 20 20 20
	   20 20 20 20 20
	   20 20 20 20 20
	   20 20 20 0D 0A
 00000118  7C 5F 5F 5F 5F	         BYTE "|_____  ||       ||    ___||    ___||    __  |                      ",13,10
	   5F 20 20 7C 7C
	   20 20 20 20 20
	   20 20 7C 7C 20
	   20 20 20 5F 5F
	   5F 7C 7C 20 20
	   20 20 5F 5F 5F
	   7C 7C 20 20 20
	   20 5F 5F 20 20
	   7C 20 20 20 20
	   20 20 20 20 20
	   20 20 20 20 20
	   20 20 20 20 20
	   20 20 20 0D 0A
 0000015E  20 5F 5F 5F 5F	         BYTE " _____| ||       ||   |    |   |___ |   |  | |                      ",13,10
	   5F 7C 20 7C 7C
	   20 20 20 20 20
	   20 20 7C 7C 20
	   20 20 7C 20 20
	   20 20 7C 20 20
	   20 7C 5F 5F 5F
	   20 7C 20 20 20
	   7C 20 20 7C 20
	   7C 20 20 20 20
	   20 20 20 20 20
	   20 20 20 20 20
	   20 20 20 20 20
	   20 20 20 0D 0A
 000001A4  7C 5F 5F 5F 5F	         BYTE "|_______||_______||___|    |_______||___|  |_|                      ",13,10
	   5F 5F 5F 7C 7C
	   5F 5F 5F 5F 5F
	   5F 5F 7C 7C 5F
	   5F 5F 7C 20 20
	   20 20 7C 5F 5F
	   5F 5F 5F 5F 5F
	   7C 7C 5F 5F 5F
	   7C 20 20 7C 5F
	   7C 20 20 20 20
	   20 20 20 20 20
	   20 20 20 20 20
	   20 20 20 20 20
	   20 20 20 0D 0A
 000001EA  20 5F 5F 20 20	         BYTE " __   __  _______  __    _  _______  __   __  _______  __    _  __  ",13,10
	   20 5F 5F 20 20
	   5F 5F 5F 5F 5F
	   5F 5F 20 20 5F
	   5F 20 20 20 20
	   5F 20 20 5F 5F
	   5F 5F 5F 5F 5F
	   20 20 5F 5F 20
	   20 20 5F 5F 20
	   20 5F 5F 5F 5F
	   5F 5F 5F 20 20
	   5F 5F 20 20 20
	   20 5F 20 20 5F
	   5F 20 20 0D 0A
 00000230  7C 20 20 7C 20	         BYTE "|  | |  ||   _   ||  |  | ||       ||  |_|  ||   _   ||  |  | ||  | ",13,10
	   7C 20 20 7C 7C
	   20 20 20 5F 20
	   20 20 7C 7C 20
	   20 7C 20 20 7C
	   20 7C 7C 20 20
	   20 20 20 20 20
	   7C 7C 20 20 7C
	   5F 7C 20 20 7C
	   7C 20 20 20 5F
	   20 20 20 7C 7C
	   20 20 7C 20 20
	   7C 20 7C 7C 20
	   20 7C 20 0D 0A
 00000276  7C 20 20 7C 5F	         BYTE "|  |_|  ||  |_|  ||   |_| ||    ___||       ||  |_|  ||   |_| ||  | ",13,10
	   7C 20 20 7C 7C
	   20 20 7C 5F 7C
	   20 20 7C 7C 20
	   20 20 7C 5F 7C
	   20 7C 7C 20 20
	   20 20 5F 5F 5F
	   7C 7C 20 20 20
	   20 20 20 20 7C
	   7C 20 20 7C 5F
	   7C 20 20 7C 7C
	   20 20 20 7C 5F
	   7C 20 7C 7C 20
	   20 7C 20 0D 0A
 000002BC  7C 20 20 20 20	         BYTE "|       ||       ||       ||   | __ |       ||       ||       ||  | ",13,10
	   20 20 20 7C 7C
	   20 20 20 20 20
	   20 20 7C 7C 20
	   20 20 20 20 20
	   20 7C 7C 20 20
	   20 7C 20 5F 5F
	   20 7C 20 20 20
	   20 20 20 20 7C
	   7C 20 20 20 20
	   20 20 20 7C 7C
	   20 20 20 20 20
	   20 20 7C 7C 20
	   20 7C 20 0D 0A
 00000302  7C 20 20 20 20	         BYTE "|       ||       ||  _    ||   ||  ||       ||       ||  _    ||__| ",13,10
	   20 20 20 7C 7C
	   20 20 20 20 20
	   20 20 7C 7C 20
	   20 5F 20 20 20
	   20 7C 7C 20 20
	   20 7C 7C 20 20
	   7C 7C 20 20 20
	   20 20 20 20 7C
	   7C 20 20 20 20
	   20 20 20 7C 7C
	   20 20 5F 20 20
	   20 20 7C 7C 5F
	   5F 7C 20 0D 0A
 00000348  7C 20 20 20 5F	         BYTE "|   _   ||   _   || | |   ||   |_| || ||_|| ||   _   || | |   | __  ",13,10
	   20 20 20 7C 7C
	   20 20 20 5F 20
	   20 20 7C 7C 20
	   7C 20 7C 20 20
	   20 7C 7C 20 20
	   20 7C 5F 7C 20
	   7C 7C 20 7C 7C
	   5F 7C 7C 20 7C
	   7C 20 20 20 5F
	   20 20 20 7C 7C
	   20 7C 20 7C 20
	   20 20 7C 20 5F
	   5F 20 20 0D 0A
 0000038E  7C 5F 5F 7C 20	         BYTE "|__| |__||__| |__||_|  |__||_______||_|   |_||__| |__||_|  |__||__|",13,10
	   7C 5F 5F 7C 7C
	   5F 5F 7C 20 7C
	   5F 5F 7C 7C 5F
	   7C 20 20 7C 5F
	   5F 7C 7C 5F 5F
	   5F 5F 5F 5F 5F
	   7C 7C 5F 7C 20
	   20 20 7C 5F 7C
	   7C 5F 5F 7C 20
	   7C 5F 5F 7C 7C
	   5F 7C 20 20 7C
	   5F 5F 7C 7C 5F
	   5F 7C 0D 0A
 000003D3  0D 0A 00				 BYTE 13,10,0

 000003D6 20 2B 2D 2D 2D	hang0 BYTE \
	   2B 0D 0A 20 7C
	   20 20 20 7C 0D
	   0A 20 20 20 20
	   20 7C 0D 0A 20
	   20 20 20 20 7C
	   0D 0A 20 20 20
	   20 20 7C 0D 0A
	   20 20 20 20 20
	   7C 0D 0A 3D 3D
	   3D 3D 3D 3D 0D
	   0A 00
				" +---+",0Dh,0Ah,\
				" |   |",0Dh,0Ah,\
				"     |",0Dh,0Ah,\
				"     |",0Dh,0Ah,\
				"     |",0Dh,0Ah,\
				"     |",0Dh,0Ah,\
				"======",13,10,0

 0000040F 20 2B 2D 2D 2D	hang1 BYTE \
	   2B 0D 0A 20 7C
	   20 20 20 7C 0D
	   0A 20 4F 20 20
	   20 7C 0D 0A 20
	   20 20 20 20 7C
	   0D 0A 20 20 20
	   20 20 7C 0D 0A
	   20 20 20 20 20
	   7C 0D 0A 3D 3D
	   3D 3D 3D 3D 0D
	   0A 00
				" +---+",0Dh,0Ah,\
				" |   |",0Dh,0Ah,\
				" O   |",0Dh,0Ah,\
				"     |",0Dh,0Ah,\
				"     |",0Dh,0Ah,\
				"     |",0Dh,0Ah,\
				"======",13,10,0

 00000448 20 2B 2D 2D 2D	hang2 BYTE \
	   2B 0D 0A 20 7C
	   20 20 20 7C 0D
	   0A 20 4F 20 20
	   20 7C 0D 0A 20
	   7C 20 20 20 7C
	   0D 0A 20 20 20
	   20 20 7C 0D 0A
	   20 20 20 20 20
	   7C 0D 0A 3D 3D
	   3D 3D 3D 3D 0D
	   0A 00
				" +---+",0Dh,0Ah,\
				" |   |",0Dh,0Ah,\
				" O   |",0Dh,0Ah,\
				" |   |",0Dh,0Ah,\
				"     |",0Dh,0Ah,\
				"     |",0Dh,0Ah,\
				"======",13,10,0

 00000481 20 2B 2D 2D 2D	hang3 BYTE \
	   2B 0D 0A 20 7C
	   20 20 20 7C 0D
	   0A 20 4F 20 20
	   20 7C 0D 0A 2F
	   7C 20 20 20 7C
	   0D 0A 20 20 20
	   20 20 7C 0D 0A
	   20 20 20 20 20
	   7C 0D 0A 3D 3D
	   3D 3D 3D 3D 0D
	   0A 00
				" +---+",0Dh,0Ah,\
				" |   |",0Dh,0Ah,\
				" O   |",0Dh,0Ah,\
				"/|   |",0Dh,0Ah,\
				"     |",0Dh,0Ah,\
				"     |",0Dh,0Ah,\
				"======",13,10,0

 000004BA 20 2B 2D 2D 2D	hang4 BYTE \
	   2B 0D 0A 20 7C
	   20 20 20 7C 0D
	   0A 20 4F 20 20
	   20 7C 0D 0A 2F
	   7C 5C 20 20 7C
	   0D 0A 20 20 20
	   20 20 7C 0D 0A
	   20 20 20 20 20
	   7C 0D 0A 3D 3D
	   3D 3D 3D 3D 0D
	   0A 00
				" +---+",0Dh,0Ah,\
				" |   |",0Dh,0Ah,\
				" O   |",0Dh,0Ah,\
				"/|\  |",0Dh,0Ah,\
				"     |",0Dh,0Ah,\
				"     |",0Dh,0Ah,\
				"======",13,10,0

 000004F3 20 2B 2D 2D 2D	hang5 BYTE \
	   2B 0D 0A 20 7C
	   20 20 20 7C 0D
	   0A 20 4F 20 20
	   20 7C 0D 0A 2F
	   7C 5C 20 20 7C
	   0D 0A 2F 20 20
	   20 20 7C 0D 0A
	   20 20 20 20 20
	   7C 0D 0A 3D 3D
	   3D 3D 3D 3D 0D
	   0A 00
				" +---+",0Dh,0Ah,\
				" |   |",0Dh,0Ah,\
				" O   |",0Dh,0Ah,\
				"/|\  |",0Dh,0Ah,\
				"/    |",0Dh,0Ah,\
				"     |",0Dh,0Ah,\
				"======",13,10,0

 0000052C 20 2B 2D 2D 2D	hang6 BYTE \
	   2B 0D 0A 20 7C
	   20 20 20 7C 0D
	   0A 20 4F 20 20
	   20 7C 0D 0A 2F
	   7C 5C 20 20 7C
	   0D 0A 2F 20 5C
	   20 20 7C 0D 0A
	   20 20 20 20 20
	   7C 0D 0A 3D 3D
	   3D 3D 3D 3D 0D
	   0A 00
				" +---+",0Dh,0Ah,\
				" |   |",0Dh,0Ah,\
				" O   |",0Dh,0Ah,\
				"/|\  |",0Dh,0Ah,\
				"/ \  |",0Dh,0Ah,\
				"     |",0Dh,0Ah,\
				"======",13,10,0

 00000565 20 2B 2D 2D 2D	hang7 BYTE \
	   2B 0D 0A 20 7C
	   20 20 20 7C 0D
	   0A 20 58 20 20
	   20 7C 0D 0A 2F
	   7C 5C 20 20 7C
	   0D 0A 2F 20 5C
	   20 20 7C 0D 0A
	   20 20 20 20 20
	   7C 0D 0A 3D 3D
	   3D 3D 3D 3D 0D
	   0A 00
				" +---+",0Dh,0Ah,\
				" |   |",0Dh,0Ah,\
				" X   |",0Dh,0Ah,\
				"/|\  |",0Dh,0Ah,\
				"/ \  |",0Dh,0Ah,\
				"     |",0Dh,0Ah,\
				"======",13,10,0

 0000059E 000003D6 R		hangman_pointers DWORD OFFSET hang0, OFFSET hang1, OFFSET hang2, OFFSET hang3
	   0000040F R
	   00000448 R
	   00000481 R
 000005AE  000004BA R		                 DWORD OFFSET hang4, OFFSET hang5, OFFSET hang6, OFFSET hang7
	   000004F3 R
	   0000052C R
	   00000565 R

 000005BE 00000007		max_wrong DWORD 7

				END
Microsoft (R) Macro Assembler Version 14.00.24210.0	    04/27/26 23:34:52
hangman_art.asm						     Symbols 2 - 1




Segments and Groups:

                N a m e                 Size     Length   Align   Combine Class

FLAT . . . . . . . . . . . . . .	GROUP
_DATA  . . . . . . . . . . . . .	32 Bit	 000005C2 DWord	  Public  'DATA'	
_TEXT  . . . . . . . . . . . . .	32 Bit	 00000000 DWord	  Public  'CODE'	


Symbols:

                N a m e                 Type     Value    Attr

@CodeSize  . . . . . . . . . . .	Number	 00000000h   
@DataSize  . . . . . . . . . . .	Number	 00000000h   
@Interface . . . . . . . . . . .	Number	 00000003h   
@Model . . . . . . . . . . . . .	Number	 00000007h   
@code  . . . . . . . . . . . . .	Text   	 _TEXT
@data  . . . . . . . . . . . . .	Text   	 FLAT
@fardata?  . . . . . . . . . . .	Text   	 FLAT
@fardata . . . . . . . . . . . .	Text   	 FLAT
@stack . . . . . . . . . . . . .	Text   	 FLAT
hang0  . . . . . . . . . . . . .	Byte	 000003D6 _DATA	
hang1  . . . . . . . . . . . . .	Byte	 0000040F _DATA	
hang2  . . . . . . . . . . . . .	Byte	 00000448 _DATA	
hang3  . . . . . . . . . . . . .	Byte	 00000481 _DATA	
hang4  . . . . . . . . . . . . .	Byte	 000004BA _DATA	
hang5  . . . . . . . . . . . . .	Byte	 000004F3 _DATA	
hang6  . . . . . . . . . . . . .	Byte	 0000052C _DATA	
hang7  . . . . . . . . . . . . .	Byte	 00000565 _DATA	
hangman_pointers . . . . . . . .	DWord	 0000059E _DATA	Public STDCALL
max_wrong  . . . . . . . . . . .	DWord	 000005BE _DATA	Public STDCALL
titleArt . . . . . . . . . . . .	Byte	 00000000 _DATA	Public STDCALL

	   0 Warnings
	   0 Errors
