Microsoft (R) Macro Assembler Version 14.00.24210.0	    04/27/26 23:34:52
main.asm						     Page 1 - 1


				INCLUDE Irvine32.inc
			      C ; Include file for Irvine32.lib             (Irvine32.inc)
			      C 
			      C ;OPTION CASEMAP:NONE		; optional: make identifiers case-sensitive
			      C 
			      C INCLUDE SmallWin.inc		; MS-Windows prototypes, structures, and constants
			      C .NOLIST
			      C .LIST
			      C 
			      C INCLUDE VirtualKeys.inc
			      C ; VirtualKeys.inc
			      C .NOLIST
			      C .LIST
			      C 
			      C 
			      C .NOLIST
			      C .LIST
			      C 

				.386
				.stack 4096
				ExitProcess proto,dwExitCode:dword
				FillConsoleOutputCharacterA proto :DWORD,:DWORD,:DWORD,:DWORD,:DWORD
				FillConsoleOutputAttribute PROTO :DWORD,:DWORD,:DWORD,:DWORD,:DWORD

 00000000			.data

				; EXTERNS FROM words.asm
				EXTERN words:DWORD					; words in a pool of words
				EXTERN wordCount:DWORD				; number of words in the pool
				EXTERN titleArt:BYTE				; title screen ascii art
				LoadWords PROTO						; load words from txt

				; EXTERNS FROM hangman_art.asm
				EXTERN hangman_pointers:DWORD		; the hangman ascii arts
				EXTERN max_wrong:DWORD				; the number of incorrect guesses the player can make

				; EXTERNS FROM music.asm
				PlayGameTheme PROTO					; plays the music during gameplay
				PlayTitleTheme PROTO				; plays the music when the title is displayed
				PlayWinSFX PROTO					; plays the sound effect on win
				PlayLoseSFX PROTO					; plays the sound effect on lose

				; VARS FOR HADNLING CONSOLE OUTPUT
 00000000 00000000		consoleHandle HANDLE 0				; handle to standard output device
 00000004 00000000		bytesWritten  DWORD ?				; number of bytes written
 00000008 0D 0A 00		newline BYTE 13,10,0

				; VARS FOR TRACKING THE HIDDEN PHRASE
 0000000B 00000000		seed DWORD ?						; seed for random word picker
 0000000F 00000000		guess_word DWORD ?					; the word to be guessed by the player
 00000013 00000000		word_length DWORD ?					; the length of guess_wrd
 00000017  00000040 [		revealed_word BYTE 64 DUP(0)		; the portion of the word revealed to the player
	    00
	   ]

				; VARS FOR TRACKING USER INPUT AND GUESSES					
 00000057 00			letter_guessed BYTE ?				; the letter guessed by the player
 00000058  0000001B [		guessed_letters BYTE 27 DUP(0)		; the letters the player has guessed so far
	    00
	   ]
 00000073 00000000		guessed_count	DWORD 0				; the number of letters the player has guessed so far
 00000077  0000001B [		guess_colors WORD 27 DUP(0)			; what to color each guess on the display list
	    0000
	   ]
 000000AD 00 00			oneChar			BYTE ?,0			; temp var for cmparing a player's input character
 000000AF 00000000		correct_letters DWORD 0				; the number of letters the player has found
 000000B3 00000000		wrong_guesses DWORD 0				; the number of incorrect guesses the player has made

				; TEXT DISPLAYED TO THE PLAYER
 000000B7 50 72 65 73 73	titlePrompt BYTE "Press any key to start!",0
	   20 61 6E 79 20
	   6B 65 79 20 74
	   6F 20 73 74 61
	   72 74 21 00
 000000CF 45 6E 74 65 72	prompt BYTE "Enter a letter (lowercase): ",0
	   20 61 20 6C 65
	   74 74 65 72 20
	   28 6C 6F 77 65
	   72 63 61 73 65
	   29 3A 20 00
 000000EC 47 75 65 73 73	guessed_display BYTE "Guessed: ",0
	   65 64 3A 20 00
 000000F6 2C 20 00		commaSpace		BYTE ", ",0
 000000F9 59 6F 75 20 57	win_text BYTE "You Win!",13,10,0
	   69 6E 21 0D 0A
	   00
 00000104 59 6F 75 20 4C	lose_text BYTE "You Lose!",13,10,"The phrase was: ",0
	   6F 73 65 21 0D
	   0A 54 68 65 20
	   70 68 72 61 73
	   65 20 77 61 73
	   3A 20 00
 00000120 50 72 65 73 73	exit_text BYTE "Press any key to exit.",0
	   20 61 6E 79 20
	   6B 65 79 20 74
	   6F 20 65 78 69
	   74 2E 00

 00000000			.code
 00000000			main proc
					INVOKE GetStdHandle, STD_OUTPUT_HANDLE
 00000000  6A F5	   *	    push    -00000000Bh
 00000002  E8 00000000 E   *	    call   GetStdHandle
 00000007  A3 00000000 R		mov consoleHandle, eax

 0000000C  E8 00000000 E		call Clrscr
 00000011  E8 00000000 E		call PlayTitleTheme		; play title theme
					INVOKE SetConsoleTextAttribute, consoleHandle, 0Dh
 00000016  6A 0D	   *	    push   +00000000Dh
 00000018  FF 35 00000000 R *	    push   consoleHandle
 0000001E  E8 00000000 E   *	    call   SetConsoleTextAttribute
 00000023  BA 00000000 E		mov edx, OFFSET titleArt ; load title screen until a key is pressed
 00000028  E8 0000011F			call WriteToConsole
					INVOKE SetConsoleTextAttribute, consoleHandle, 07h
 0000002D  6A 07	   *	    push   +000000007h
 0000002F  FF 35 00000000 R *	    push   consoleHandle
 00000035  E8 00000000 E   *	    call   SetConsoleTextAttribute
 0000003A  BA 000000B7 R		mov edx, OFFSET titlePrompt
 0000003F  E8 00000108			call WriteToConsole
 00000044  E8 00000000 E		call ReadChar
 00000049  E8 00000000 E		call Clrscr

 0000004E  E8 00000000 E		call LoadWords
 00000053  E8 0000011C			call GetRandomWord				; set the guess_word to a random word in words
 00000058  E8 00000169			call GetWordLength
 0000005D  E8 0000017D			call InitRevealedWord			; initialize the list of revealed words as a blank slate
 00000062  E8 000002E7			call CheckSpace					; spaces count as a free guess
 00000067  E8 00000000 E		call PlayGameTheme				; play main music

 0000006C			game:
 0000006C  E8 00000000 E		call Clrscr
 00000071  E8 0000018D			call DisplayHangman				; display the hangman character in its current phase

 00000076  BA 00000017 R		mov edx, OFFSET revealed_word	; print the word with the correctly guessed letters revealed
 0000007B  E8 000000CC		    call WriteToConsole	

 00000080  A1 000000B3 R		mov eax, wrong_guesses			; check for loss
 00000085  3B 05 00000000 E		cmp eax, max_wrong
 0000008B  74 3E			je lose_end

 0000008D  A1 000000AF R		mov eax, correct_letters		; check for win
 00000092  8B 1D 00000013 R		mov ebx, word_length
 00000098  3B D8			cmp ebx, eax
 0000009A  74 6A			je win_end

 0000009C  E8 000001A3			call DisplayGuessed				; display guessed letters

 000000A1  BA 000000CF R		mov edx, OFFSET prompt			; get character from player
 000000A6  E8 000000A1		    call WriteToConsole
 000000AB  E8 00000000 E	    call ReadChar					; character entered is stored in al
 000000B0  A2 00000057 R		mov letter_guessed, al

 000000B5  E8 00000160			call ValidateGuess
 000000BA  83 F8 00			cmp eax, 0
 000000BD  75 AD			jne game

 000000BF  E8 000001FC			call AddGuess					; add guess to array and compare against word
 000000C4  E8 0000024A			call CheckGuess
 000000C9  EB A1			jmp game

 000000CB			lose_end:
					INVOKE SetConsoleTextAttribute, consoleHandle, 04h
 000000CB  6A 04	   *	    push   +000000004h
 000000CD  FF 35 00000000 R *	    push   consoleHandle
 000000D3  E8 00000000 E   *	    call   SetConsoleTextAttribute
 000000D8  BA 00000104 R		mov edx, OFFSET lose_text		; inform the player they have lost and what the word was
 000000DD  E8 0000006A			call WriteToConsole
 000000E2  E8 00000000 E		call PlayLoseSFX				; play lose sound effect
					INVOKE SetConsoleTextAttribute, consoleHandle, 07h
 000000E7  6A 07	   *	    push   +000000007h
 000000E9  FF 35 00000000 R *	    push   consoleHandle
 000000EF  E8 00000000 E   *	    call   SetConsoleTextAttribute
 000000F4  8B 15 0000000F R		mov edx, guess_word
 000000FA  E8 0000004D			call WriteToConsole
 000000FF  BA 00000008 R		mov edx, OFFSET newline
 00000104  EB 19			jmp game_end

 00000106			win_end:
 00000106  E8 00000000 E		call PlayWinSFX					; play win sound effect
					INVOKE SetConsoleTextAttribute, consoleHandle, 0Eh
 0000010B  6A 0E	   *	    push   +00000000Eh
 0000010D  FF 35 00000000 R *	    push   consoleHandle
 00000113  E8 00000000 E   *	    call   SetConsoleTextAttribute
 00000118  BA 000000F9 R		mov edx, OFFSET win_text		; inform the player they have won
 0000011D  EB 00			jmp game_end

 0000011F			game_end:
 0000011F  E8 00000028			call WriteToConsole
					INVOKE SetConsoleTextAttribute, consoleHandle, 07h
 00000124  6A 07	   *	    push   +000000007h
 00000126  FF 35 00000000 R *	    push   consoleHandle
 0000012C  E8 00000000 E   *	    call   SetConsoleTextAttribute
 00000131  BA 00000120 R		mov edx, OFFSET exit_text
 00000136  E8 00000011			call WriteToConsole
 0000013B  E8 00000000 E		call ReadChar
 00000140  E8 00000000 E		call Clrscr
					invoke ExitProcess,0
 00000145  6A 00	   *	    push   +000000000h
 00000147  E8 00000000 E   *	    call   ExitProcess
 0000014C			main endp

 0000014C			WriteToConsole PROC
 0000014C  60			    pushad
 0000014D  8B F2		    mov esi, edx															; preserve string pointer
 0000014F  33 C9		    xor ecx, ecx

 00000151			countLoop:																	; get length of string
 00000151  80 3E 00		    cmp BYTE PTR [esi], 0
 00000154  74 04		    je  gotLength
 00000156  41			    inc ecx
 00000157  46			    inc esi
 00000158  EB F7		    jmp countLoop

 0000015A			gotLength:
				    INVOKE GetStdHandle, STD_OUTPUT_HANDLE									; get console output handle
 0000015A  6A F5	   *	    push    -00000000Bh
 0000015C  E8 00000000 E   *	    call   GetStdHandle
 00000161  8B D8		    mov ebx, eax
				    INVOKE WriteConsoleA, ebx, edx, ecx, ADDR bytesWritten, 0				; write message to console
 00000163  6A 00	   *	    push   +000000000h
 00000165  68 00000004 R   *	    push   OFFSET bytesWritten
 0000016A  51		   *	    push   ecx
 0000016B  52		   *	    push   edx
 0000016C  53		   *	    push   ebx
 0000016D  E8 00000000 E   *	    call   WriteConsoleA
 00000172  61				popad
 00000173  C3			    ret
 00000174			WriteToConsole ENDP

 00000174			GetRandomWord PROC
					;random functions derived from textbook chapter 5, page 196
 00000174  E8 00000018			call GetRandomSeed
 00000179  A1 00000000 E		mov eax, wordCount
 0000017E  E8 00000019			call RandomInRange
 00000183  BE 00000000 E		mov esi, OFFSET words
 00000188  8B 04 86			mov eax, [esi + eax * 4]
 0000018B  A3 0000000F R		mov guess_word, eax
 00000190  C3				ret
 00000191			GetRandomWord ENDP

 00000191			GetRandomSeed PROC
					INVOKE GetTickCount
 00000191  E8 00000000 E   *	    call   GetTickCount
 00000196  A3 0000000B R	    mov seed, eax
 0000019B  C3			    ret
 0000019C			GetRandomSeed ENDP

 0000019C			RandomInRange PROC			; returns EAX = random number from 0 to range-1
 0000019C  51			    push ecx
 0000019D  52			    push edx
 0000019E  8B C8		    mov ecx, eax            ; ECX = range
 000001A0  A1 0000000B R	    mov eax, seed
 000001A5  69 C0 000343FD	    imul eax, 214013
 000001AB  05 00269EC3		    add eax, 2531011
 000001B0  A3 0000000B R	    mov seed, eax
 000001B5  C1 E8 10		    shr eax, 16
 000001B8  25 00007FFF		    and eax, 7FFFh
 000001BD  33 D2		    xor edx, edx
 000001BF  F7 F1		    div ecx                 ; EDX = remainder
 000001C1  8B C2		    mov eax, edx            ; EAX = random result
 000001C3  5A			    pop edx
 000001C4  59			    pop ecx
 000001C5  C3			    ret
 000001C6			RandomInRange ENDP

 000001C6			GetWordLength PROC
 000001C6  8B 35 0000000F R	    mov esi, guess_word
 000001CC  33 C9		    xor ecx, ecx					; counter = 0
 000001CE			countLoop:
 000001CE  8A 06		    mov al, [esi]
 000001D0  3C 00		    cmp al, 0						; end of string?
 000001D2  74 04		    je done

 000001D4  41			    inc ecx							; increment length
 000001D5  46			    inc esi							; move to next char
 000001D6  EB F6		    jmp countLoop

 000001D8			done:
 000001D8  89 0D 00000013 R	    mov word_length, ecx
 000001DE  C3			    ret
 000001DF			GetWordLength ENDP

 000001DF			InitRevealedWord PROC				; initialize blank un-revealed word
 000001DF  8B 35 0000000F R	    mov esi, guess_word				; source
 000001E5  BF 00000017 R	    mov edi, OFFSET revealed_word   ; destination

 000001EA			buildLoop:
 000001EA  8A 06		    mov al, [esi]
 000001EC  3C 00		    cmp al, 0
 000001EE  74 07		    je done

 000001F0  C6 07 5F		    mov BYTE PTR [edi], '_'         ; replace with underscore
 000001F3  46			    inc esi
 000001F4  47			    inc edi
 000001F5  EB F3		    jmp buildLoop

 000001F7			done:
 000001F7  C6 07 0D			mov BYTE PTR [edi],13			; carriage return
 000001FA  47				inc edi
 000001FB  C6 07 0A			mov BYTE PTR [edi],10			; line feed
 000001FE  47				inc edi
 000001FF  C6 07 00		    mov BYTE PTR [edi], 0           ; null terminate
 00000202  C3			    ret
 00000203			InitRevealedWord ENDP

 00000203			DisplayHangman PROC
 00000203  BE 00000000 E	    mov esi, OFFSET hangman_pointers
 00000208  A1 000000B3 R	    mov eax, wrong_guesses
 0000020D  C1 E0 02		    shl eax, 2						; multiply by 4
 00000210  03 F0		    add esi, eax
 00000212  8B 16		    mov edx, [esi]
 00000214  E8 FFFFFF33		    call WriteToConsole	
 00000219  C3			    ret
 0000021A			DisplayHangman ENDP

 0000021A			ValidateGuess PROC
				    ; check if lowercase a-z
 0000021A  A0 00000057 R		mov al, letter_guessed
 0000021F  3C 61		    cmp al, 'a'
 00000221  72 1B		    jb reject
 00000223  3C 7A		    cmp al, 'z'
 00000225  77 17		    ja reject
 00000227  BE 00000058 R	    mov esi, OFFSET guessed_letters ; check duplicates

 0000022C			checkLoop:
 0000022C  80 3E 00		    cmp BYTE PTR [esi], 0
 0000022F  74 07		    je accept
 00000231  38 06		    cmp BYTE PTR [esi], al
 00000233  74 09		    je reject
 00000235  46			    inc esi
 00000236  EB F4		    jmp checkLoop

 00000238			accept:								; input is valid
 00000238  B8 00000000		    mov eax, 0
 0000023D  C3			    ret
 0000023E			reject:								; input is not valid

 0000023E  B8 00000001		    mov eax, 1
 00000243  C3			    ret
 00000244			ValidateGuess ENDP

 00000244			DisplayGuessed PROC
 00000244  60				pushad
 00000245  BA 000000EC R		mov edx, OFFSET guessed_display
 0000024A  E8 FFFFFEFD			call WriteToConsole
 0000024F  BE 00000058 R		mov esi, OFFSET guessed_letters
 00000254  BF 00000077 R		mov edi, OFFSET guess_colors
 00000259  8B 0D 00000073 R	    mov ecx, guessed_count
 0000025F  D1 E9		    shr ecx, 1

 00000261			printLoop:     ; print letter
 00000261  83 F9 00			cmp ecx, 0
 00000264  74 4E			je done
 00000266  8A 06		    mov al, [esi]
 00000268  A2 000000AD R	    mov oneChar, al
 0000026D  56				push esi
 0000026E  57			    push edi
 0000026F  51			    push ecx
					INVOKE SetConsoleTextAttribute, consoleHandle, WORD PTR [edi]
 00000270  83 EC 02	   *	    sub    esp, 002h
 00000273  66| FF 37	   *	    push   word  ptr [edi]
 00000276  FF 35 00000000 R *	    push   consoleHandle
 0000027C  E8 00000000 E   *	    call   SetConsoleTextAttribute
 00000281  BA 000000AD R	    mov edx, OFFSET oneChar
 00000286  E8 FFFFFEC1		    call WriteToConsole
					INVOKE SetConsoleTextAttribute, consoleHandle, 07h
 0000028B  6A 07	   *	    push   +000000007h
 0000028D  FF 35 00000000 R *	    push   consoleHandle
 00000293  E8 00000000 E   *	    call   SetConsoleTextAttribute
 00000298  59			    pop ecx
 00000299  5F			    pop edi
 0000029A  5E			    pop esi
 0000029B  46				inc esi
 0000029C  83 C7 02			add edi, 2
 0000029F  49			    dec ecx
 000002A0  74 12		    jz done
 000002A2  56				push esi
 000002A3  57			    push edi
 000002A4  51			    push ecx
 000002A5  BA 000000F6 R	    mov edx, OFFSET commaSpace     ; print comma + space
 000002AA  E8 FFFFFE9D		    call WriteToConsole
 000002AF  59				pop ecx
 000002B0  5F			    pop edi
 000002B1  5E			    pop esi
 000002B2  EB AD		    jmp printLoop

 000002B4			done:
 000002B4  BA 00000008 R		mov edx, OFFSET newline
 000002B9  E8 FFFFFE8E			call WriteToConsole	
 000002BE  61				popad
 000002BF  C3				ret
 000002C0			DisplayGuessed ENDP

 000002C0			AddGuess PROC
 000002C0  BE 00000058 R	    mov esi, OFFSET guessed_letters
 000002C5  BF 00000077 R		mov edi, OFFSET guess_colors

 000002CA			findEnd:
 000002CA  8A 06		    mov al, [esi]
 000002CC  3C 00		    cmp al, 0
 000002CE  74 06		    je store
 000002D0  46			    inc esi
 000002D1  83 C7 02			add edi, 2
 000002D4  EB F4		    jmp findEnd

 000002D6			store:
 000002D6  A0 00000057 R	    mov al, letter_guessed
 000002DB  88 06		    mov [esi], al
 000002DD  46			    inc esi
 000002DE  C6 06 00		    mov BYTE PTR [esi], 0
 000002E1  66| C7 07 0004		mov WORD PTR [edi], 04h
 000002E6  FF 05 00000073 R		inc guessed_count
 000002EC  56				push esi
 000002ED  8B 35 0000000F R	    mov esi, guess_word
 000002F3  8B 0D 00000013 R	    mov ecx, word_length

 000002F9			checkLoop:
 000002F9  83 F9 00		    cmp ecx, 0
 000002FC  74 0D		    je doneCheck
 000002FE  3A 06		    cmp al, [esi]
 00000300  74 04		    je correct
 00000302  46			    inc esi
 00000303  49			    dec ecx
 00000304  EB F3		    jmp checkLoop

 00000306			correct:
 00000306  66| C7 07 0002	    mov WORD PTR [edi], 02h

 0000030B			doneCheck:
 0000030B  5E			    pop esi
 0000030C  FF 05 00000073 R	    inc guessed_count
 00000312  C3			    ret
 00000313			AddGuess ENDP

 00000313			CheckGuess PROC
 00000313  8B 35 0000000F R	    mov esi, guess_word
 00000319  BF 00000017 R	    mov edi, OFFSET revealed_word
 0000031E  A0 00000057 R	    mov al, letter_guessed
 00000323  B3 00		    mov bl, 0

 00000325			checkLoop:
 00000325  8A 16		    mov dl, [esi]
 00000327  80 FA 0D		    cmp dl, 13
 0000032A  74 17		    je done

 0000032C  3A D0		    cmp dl, al
 0000032E  75 0F		    jne nextChar

 00000330  80 3F 5F		    cmp BYTE PTR [edi], '_'
 00000333  75 0A		    jne nextChar

 00000335  88 07		    mov [edi], al
 00000337  B3 01		    mov bl, 1
 00000339  FF 05 000000AF R	    inc correct_letters

 0000033F			nextChar:
 0000033F  46			    inc esi
 00000340  47			    inc edi
 00000341  EB E2		    jmp checkLoop

 00000343			done:
 00000343  80 FB 01		    cmp bl, 1
 00000346  74 05		    je finished
 00000348  E8 0000002B		    call WrongGuess

 0000034D			finished:
 0000034D  C3			    ret
 0000034E			CheckGuess ENDP

 0000034E			CheckSpace PROC
 0000034E  8B 35 0000000F R	    mov esi, guess_word
 00000354  BF 00000017 R	    mov edi, OFFSET revealed_word
 00000359  B0 20		    mov al, ' '

 0000035B			checkLoop:
 0000035B  8A 16		    mov dl, [esi]
 0000035D  80 FA 0D		    cmp dl, 13
 00000360  74 15		    je finished
 00000362  3A D0		    cmp dl, al
 00000364  75 0D		    jne nextChar
 00000366  80 3F 5F		    cmp BYTE PTR [edi], '_'
 00000369  75 08		    jne nextChar
 0000036B  88 07		    mov [edi], al
 0000036D  FF 05 000000AF R	    inc correct_letters

 00000373			nextChar:
 00000373  46			    inc esi
 00000374  47			    inc edi
 00000375  EB E4		    jmp checkLoop

 00000377			finished:
 00000377  C3			    ret
 00000378			CheckSpace ENDP

 00000378			WrongGuess PROC
 00000378  FF 05 000000B3 R		inc wrong_guesses
 0000037E  C3				ret
 0000037F			WrongGuess ENDP

				end main
Microsoft (R) Macro Assembler Version 14.00.24210.0	    04/27/26 23:34:52
main.asm						     Symbols 2 - 1




Structures and Unions:

                N a m e                  Size
                                         Offset      Type

CONSOLE_CURSOR_INFO  . . . . . .	 00000008
  dwSize . . . . . . . . . . . .	 00000000	 DWord
  bVisible . . . . . . . . . . .	 00000004	 DWord
CONSOLE_SCREEN_BUFFER_INFO . . .	 00000016
  dwSize . . . . . . . . . . . .	 00000000	 DWord
  dwCursorPosition . . . . . . .	 00000004	 DWord
  wAttributes  . . . . . . . . .	 00000008	 Word
  srWindow . . . . . . . . . . .	 0000000A	 QWord
  dwMaximumWindowSize  . . . . .	 00000012	 DWord
COORD  . . . . . . . . . . . . .	 00000004
  X  . . . . . . . . . . . . . .	 00000000	 Word
  Y  . . . . . . . . . . . . . .	 00000002	 Word
FILETIME . . . . . . . . . . . .	 00000008
  loDateTime . . . . . . . . . .	 00000000	 DWord
  hiDateTime . . . . . . . . . .	 00000004	 DWord
FOCUS_EVENT_RECORD . . . . . . .	 00000004
  bSetFocus  . . . . . . . . . .	 00000000	 DWord
FPU_ENVIRON  . . . . . . . . . .	 0000001C
  controlWord  . . . . . . . . .	 00000000	 Word
  statusWord . . . . . . . . . .	 00000004	 Word
  tagWord  . . . . . . . . . . .	 00000008	 Word
  instrPointerOffset . . . . . .	 0000000C	 DWord
  instrPointerSelector . . . . .	 00000010	 DWord
  operandPointerOffset . . . . .	 00000014	 DWord
  operandPointerSelector . . . .	 00000018	 Word
INPUT_RECORD . . . . . . . . . .	 00000014
  EventType  . . . . . . . . . .	 00000000	 Word
  Event  . . . . . . . . . . . .	 00000004	 XmmWord
  bKeyDown . . . . . . . . . . .	 00000000	 DWord
  wRepeatCount . . . . . . . . .	 00000004	 Word
  wVirtualKeyCode  . . . . . . .	 00000006	 Word
  wVirtualScanCode . . . . . . .	 00000008	 Word
  uChar  . . . . . . . . . . . .	 0000000A	 Word
  UnicodeChar  . . . . . . . . .	 00000000	 Word
  AsciiChar  . . . . . . . . . .	 00000000	 Byte
  dwControlKeyState  . . . . . .	 0000000C	 DWord
  dwMousePosition  . . . . . . .	 00000000	 DWord
  dwButtonState  . . . . . . . .	 00000004	 DWord
  dwMouseControlKeyState . . . .	 00000008	 DWord
  dwEventFlags . . . . . . . . .	 0000000C	 DWord
  dwSize . . . . . . . . . . . .	 00000000	 DWord
  dwCommandId  . . . . . . . . .	 00000000	 DWord
  bSetFocus  . . . . . . . . . .	 00000000	 DWord
KEY_EVENT_RECORD . . . . . . . .	 00000010
  bKeyDown . . . . . . . . . . .	 00000000	 DWord
  wRepeatCount . . . . . . . . .	 00000004	 Word
  wVirtualKeyCode  . . . . . . .	 00000006	 Word
  wVirtualScanCode . . . . . . .	 00000008	 Word
  uChar  . . . . . . . . . . . .	 0000000A	 Word
  UnicodeChar  . . . . . . . . .	 00000000	 Word
  AsciiChar  . . . . . . . . . .	 00000000	 Byte
  dwControlKeyState  . . . . . .	 0000000C	 DWord
MENU_EVENT_RECORD  . . . . . . .	 00000004
  dwCommandId  . . . . . . . . .	 00000000	 DWord
MOUSE_EVENT_RECORD . . . . . . .	 00000010
  dwMousePosition  . . . . . . .	 00000000	 DWord
  dwButtonState  . . . . . . . .	 00000004	 DWord
  dwMouseControlKeyState . . . .	 00000008	 DWord
  dwEventFlags . . . . . . . . .	 0000000C	 DWord
SMALL_RECT . . . . . . . . . . .	 00000008
  Left . . . . . . . . . . . . .	 00000000	 Word
  Top  . . . . . . . . . . . . .	 00000002	 Word
  Right  . . . . . . . . . . . .	 00000004	 Word
  Bottom . . . . . . . . . . . .	 00000006	 Word
SYSTEMTIME . . . . . . . . . . .	 00000010
  wYear  . . . . . . . . . . . .	 00000000	 Word
  wMonth . . . . . . . . . . . .	 00000002	 Word
  wDayOfWeek . . . . . . . . . .	 00000004	 Word
  wDay . . . . . . . . . . . . .	 00000006	 Word
  wHour  . . . . . . . . . . . .	 00000008	 Word
  wMinute  . . . . . . . . . . .	 0000000A	 Word
  wSecond  . . . . . . . . . . .	 0000000C	 Word
  wMilliseconds  . . . . . . . .	 0000000E	 Word
WINDOW_BUFFER_SIZE_RECORD  . . .	 00000004
  dwSize . . . . . . . . . . . .	 00000000	 DWord


Segments and Groups:

                N a m e                 Size     Length   Align   Combine Class

FLAT . . . . . . . . . . . . . .	GROUP
STACK  . . . . . . . . . . . . .	32 Bit	 00001000 Para	  Stack	  'STACK'	 
_DATA  . . . . . . . . . . . . .	32 Bit	 00000137 Para	  Public  'DATA'	
_TEXT  . . . . . . . . . . . . .	32 Bit	 0000037F Para	  Public  'CODE'	


Procedures, parameters, and locals:

                N a m e                 Type     Value    Attr

AddGuess . . . . . . . . . . . .	P Near	 000002C0 _TEXT	Length= 00000053 Public STDCALL
  findEnd  . . . . . . . . . . .	L Near	 000002CA _TEXT	
  store  . . . . . . . . . . . .	L Near	 000002D6 _TEXT	
  checkLoop  . . . . . . . . . .	L Near	 000002F9 _TEXT	
  correct  . . . . . . . . . . .	L Near	 00000306 _TEXT	
  doneCheck  . . . . . . . . . .	L Near	 0000030B _TEXT	
CheckGuess . . . . . . . . . . .	P Near	 00000313 _TEXT	Length= 0000003B Public STDCALL
  checkLoop  . . . . . . . . . .	L Near	 00000325 _TEXT	
  nextChar . . . . . . . . . . .	L Near	 0000033F _TEXT	
  done . . . . . . . . . . . . .	L Near	 00000343 _TEXT	
  finished . . . . . . . . . . .	L Near	 0000034D _TEXT	
CheckSpace . . . . . . . . . . .	P Near	 0000034E _TEXT	Length= 0000002A Public STDCALL
  checkLoop  . . . . . . . . . .	L Near	 0000035B _TEXT	
  nextChar . . . . . . . . . . .	L Near	 00000373 _TEXT	
  finished . . . . . . . . . . .	L Near	 00000377 _TEXT	
CloseFile  . . . . . . . . . . .	P Near	 00000000 FLAT	Length= 00000000 External STDCALL
CloseHandle  . . . . . . . . . .	P Near	 00000000 FLAT	Length= 00000000 External STDCALL
Clrscr . . . . . . . . . . . . .	P Near	 00000000 FLAT	Length= 00000000 External STDCALL
CreateFileA  . . . . . . . . . .	P Near	 00000000 FLAT	Length= 00000000 External STDCALL
CreateOutputFile . . . . . . . .	P Near	 00000000 FLAT	Length= 00000000 External STDCALL
Crlf . . . . . . . . . . . . . .	P Near	 00000000 FLAT	Length= 00000000 External STDCALL
Delay  . . . . . . . . . . . . .	P Near	 00000000 FLAT	Length= 00000000 External STDCALL
DisplayGuessed . . . . . . . . .	P Near	 00000244 _TEXT	Length= 0000007C Public STDCALL
  printLoop  . . . . . . . . . .	L Near	 00000261 _TEXT	
  done . . . . . . . . . . . . .	L Near	 000002B4 _TEXT	
DisplayHangman . . . . . . . . .	P Near	 00000203 _TEXT	Length= 00000017 Public STDCALL
DumpMem  . . . . . . . . . . . .	P Near	 00000000 FLAT	Length= 00000000 External STDCALL
DumpRegs . . . . . . . . . . . .	P Near	 00000000 FLAT	Length= 00000000 External STDCALL
ExitProcess  . . . . . . . . . .	P Near	 00000000 FLAT	Length= 00000000 External STDCALL
FileTimeToDosDateTime  . . . . .	P Near	 00000000 FLAT	Length= 00000000 External STDCALL
FileTimeToSystemTime . . . . . .	P Near	 00000000 FLAT	Length= 00000000 External STDCALL
FillConsoleOutputAttribute . . .	P Near	 00000000 FLAT	Length= 00000000 External STDCALL
FillConsoleOutputCharacterA  . .	P Near	 00000000 FLAT	Length= 00000000 External STDCALL
FlushConsoleInputBuffer  . . . .	P Near	 00000000 FLAT	Length= 00000000 External STDCALL
FormatMessageA . . . . . . . . .	P Near	 00000000 FLAT	Length= 00000000 External STDCALL
GetCommandLineA  . . . . . . . .	P Near	 00000000 FLAT	Length= 00000000 External STDCALL
GetCommandTail . . . . . . . . .	P Near	 00000000 FLAT	Length= 00000000 External STDCALL
GetConsoleCP . . . . . . . . . .	P Near	 00000000 FLAT	Length= 00000000 External STDCALL
GetConsoleCursorInfo . . . . . .	P Near	 00000000 FLAT	Length= 00000000 External STDCALL
GetConsoleMode . . . . . . . . .	P Near	 00000000 FLAT	Length= 00000000 External STDCALL
GetConsoleScreenBufferInfo . . .	P Near	 00000000 FLAT	Length= 00000000 External STDCALL
GetDateTime  . . . . . . . . . .	P Near	 00000000 FLAT	Length= 00000000 External STDCALL
GetFileTime  . . . . . . . . . .	P Near	 00000000 FLAT	Length= 00000000 External STDCALL
GetKeyState  . . . . . . . . . .	P Near	 00000000 FLAT	Length= 00000000 External STDCALL
GetLastError . . . . . . . . . .	P Near	 00000000 FLAT	Length= 00000000 External STDCALL
GetLocalTime . . . . . . . . . .	P Near	 00000000 FLAT	Length= 00000000 External STDCALL
GetMaxXY . . . . . . . . . . . .	P Near	 00000000 FLAT	Length= 00000000 External STDCALL
GetMseconds  . . . . . . . . . .	P Near	 00000000 FLAT	Length= 00000000 External STDCALL
GetNumberOfConsoleInputEvents  .	P Near	 00000000 FLAT	Length= 00000000 External STDCALL
GetProcessHeap . . . . . . . . .	P Near	 00000000 FLAT	Length= 00000000 External STDCALL
GetRandomSeed  . . . . . . . . .	P Near	 00000191 _TEXT	Length= 0000000B Public STDCALL
GetRandomWord  . . . . . . . . .	P Near	 00000174 _TEXT	Length= 0000001D Public STDCALL
GetStdHandle . . . . . . . . . .	P Near	 00000000 FLAT	Length= 00000000 External STDCALL
GetSystemTime  . . . . . . . . .	P Near	 00000000 FLAT	Length= 00000000 External STDCALL
GetTextColor . . . . . . . . . .	P Near	 00000000 FLAT	Length= 00000000 External STDCALL
GetTickCount . . . . . . . . . .	P Near	 00000000 FLAT	Length= 00000000 External STDCALL
GetWordLength  . . . . . . . . .	P Near	 000001C6 _TEXT	Length= 00000019 Public STDCALL
  countLoop  . . . . . . . . . .	L Near	 000001CE _TEXT	
  done . . . . . . . . . . . . .	L Near	 000001D8 _TEXT	
Gotoxy . . . . . . . . . . . . .	P Near	 00000000 FLAT	Length= 00000000 External STDCALL
HeapAlloc  . . . . . . . . . . .	P Near	 00000000 FLAT	Length= 00000000 External STDCALL
HeapCreate . . . . . . . . . . .	P Near	 00000000 FLAT	Length= 00000000 External STDCALL
HeapDestroy  . . . . . . . . . .	P Near	 00000000 FLAT	Length= 00000000 External STDCALL
HeapFree . . . . . . . . . . . .	P Near	 00000000 FLAT	Length= 00000000 External STDCALL
HeapSize . . . . . . . . . . . .	P Near	 00000000 FLAT	Length= 00000000 External STDCALL
InitRevealedWord . . . . . . . .	P Near	 000001DF _TEXT	Length= 00000024 Public STDCALL
  buildLoop  . . . . . . . . . .	L Near	 000001EA _TEXT	
  done . . . . . . . . . . . . .	L Near	 000001F7 _TEXT	
IsDigit  . . . . . . . . . . . .	P Near	 00000000 FLAT	Length= 00000000 External STDCALL
LoadWords  . . . . . . . . . . .	P Near	 00000000 FLAT	Length= 00000000 External STDCALL
LocalFree  . . . . . . . . . . .	P Near	 00000000 FLAT	Length= 00000000 External STDCALL
MessageBoxA  . . . . . . . . . .	P Near	 00000000 FLAT	Length= 00000000 External STDCALL
MsgBoxAsk  . . . . . . . . . . .	P Near	 00000000 FLAT	Length= 00000000 External STDCALL
MsgBox . . . . . . . . . . . . .	P Near	 00000000 FLAT	Length= 00000000 External STDCALL
OpenInputFile  . . . . . . . . .	P Near	 00000000 FLAT	Length= 00000000 External STDCALL
ParseDecimal32 . . . . . . . . .	P Near	 00000000 FLAT	Length= 00000000 External STDCALL
ParseInteger32 . . . . . . . . .	P Near	 00000000 FLAT	Length= 00000000 External STDCALL
PeekConsoleInputA  . . . . . . .	P Near	 00000000 FLAT	Length= 00000000 External STDCALL
PlayGameTheme  . . . . . . . . .	P Near	 00000000 FLAT	Length= 00000000 External STDCALL
PlayLoseSFX  . . . . . . . . . .	P Near	 00000000 FLAT	Length= 00000000 External STDCALL
PlayTitleTheme . . . . . . . . .	P Near	 00000000 FLAT	Length= 00000000 External STDCALL
PlayWinSFX . . . . . . . . . . .	P Near	 00000000 FLAT	Length= 00000000 External STDCALL
Random32 . . . . . . . . . . . .	P Near	 00000000 FLAT	Length= 00000000 External STDCALL
RandomInRange  . . . . . . . . .	P Near	 0000019C _TEXT	Length= 0000002A Public STDCALL
RandomRange  . . . . . . . . . .	P Near	 00000000 FLAT	Length= 00000000 External STDCALL
Randomize  . . . . . . . . . . .	P Near	 00000000 FLAT	Length= 00000000 External STDCALL
ReadChar . . . . . . . . . . . .	P Near	 00000000 FLAT	Length= 00000000 External STDCALL
ReadConsoleA . . . . . . . . . .	P Near	 00000000 FLAT	Length= 00000000 External STDCALL
ReadConsoleInputA  . . . . . . .	P Near	 00000000 FLAT	Length= 00000000 External STDCALL
ReadDec  . . . . . . . . . . . .	P Near	 00000000 FLAT	Length= 00000000 External STDCALL
ReadFile . . . . . . . . . . . .	P Near	 00000000 FLAT	Length= 00000000 External STDCALL
ReadFloat  . . . . . . . . . . .	P Near	 00000000 FLAT	Length= 00000000 External STDCALL
ReadFromFile . . . . . . . . . .	P Near	 00000000 FLAT	Length= 00000000 External STDCALL
ReadHex  . . . . . . . . . . . .	P Near	 00000000 FLAT	Length= 00000000 External STDCALL
ReadInt  . . . . . . . . . . . .	P Near	 00000000 FLAT	Length= 00000000 External STDCALL
ReadKeyFlush . . . . . . . . . .	P Near	 00000000 FLAT	Length= 00000000 External STDCALL
ReadKey  . . . . . . . . . . . .	P Near	 00000000 FLAT	Length= 00000000 External STDCALL
ReadString . . . . . . . . . . .	P Near	 00000000 FLAT	Length= 00000000 External STDCALL
SetConsoleCursorInfo . . . . . .	P Near	 00000000 FLAT	Length= 00000000 External STDCALL
SetConsoleCursorPosition . . . .	P Near	 00000000 FLAT	Length= 00000000 External STDCALL
SetConsoleMode . . . . . . . . .	P Near	 00000000 FLAT	Length= 00000000 External STDCALL
SetConsoleScreenBufferSize . . .	P Near	 00000000 FLAT	Length= 00000000 External STDCALL
SetConsoleTextAttribute  . . . .	P Near	 00000000 FLAT	Length= 00000000 External STDCALL
SetConsoleTitleA . . . . . . . .	P Near	 00000000 FLAT	Length= 00000000 External STDCALL
SetConsoleWindowInfo . . . . . .	P Near	 00000000 FLAT	Length= 00000000 External STDCALL
SetFilePointer . . . . . . . . .	P Near	 00000000 FLAT	Length= 00000000 External STDCALL
SetLocalTime . . . . . . . . . .	P Near	 00000000 FLAT	Length= 00000000 External STDCALL
SetTextColor . . . . . . . . . .	P Near	 00000000 FLAT	Length= 00000000 External STDCALL
ShowFPUStack . . . . . . . . . .	P Near	 00000000 FLAT	Length= 00000000 External STDCALL
Sleep  . . . . . . . . . . . . .	P Near	 00000000 FLAT	Length= 00000000 External STDCALL
StrLength  . . . . . . . . . . .	P Near	 00000000 FLAT	Length= 00000000 External STDCALL
Str_compare  . . . . . . . . . .	P Near	 00000000 FLAT	Length= 00000000 External STDCALL
Str_copy . . . . . . . . . . . .	P Near	 00000000 FLAT	Length= 00000000 External STDCALL
Str_length . . . . . . . . . . .	P Near	 00000000 FLAT	Length= 00000000 External STDCALL
Str_trim . . . . . . . . . . . .	P Near	 00000000 FLAT	Length= 00000000 External STDCALL
Str_ucase  . . . . . . . . . . .	P Near	 00000000 FLAT	Length= 00000000 External STDCALL
SystemTimeToFileTime . . . . . .	P Near	 00000000 FLAT	Length= 00000000 External STDCALL
ValidateGuess  . . . . . . . . .	P Near	 0000021A _TEXT	Length= 0000002A Public STDCALL
  checkLoop  . . . . . . . . . .	L Near	 0000022C _TEXT	
  accept . . . . . . . . . . . .	L Near	 00000238 _TEXT	
  reject . . . . . . . . . . . .	L Near	 0000023E _TEXT	
WaitMsg  . . . . . . . . . . . .	P Near	 00000000 FLAT	Length= 00000000 External STDCALL
WriteBinB  . . . . . . . . . . .	P Near	 00000000 FLAT	Length= 00000000 External STDCALL
WriteBin . . . . . . . . . . . .	P Near	 00000000 FLAT	Length= 00000000 External STDCALL
WriteChar  . . . . . . . . . . .	P Near	 00000000 FLAT	Length= 00000000 External STDCALL
WriteConsoleA  . . . . . . . . .	P Near	 00000000 FLAT	Length= 00000000 External STDCALL
WriteConsoleOutputAttribute  . .	P Near	 00000000 FLAT	Length= 00000000 External STDCALL
WriteConsoleOutputCharacterA . .	P Near	 00000000 FLAT	Length= 00000000 External STDCALL
WriteDec . . . . . . . . . . . .	P Near	 00000000 FLAT	Length= 00000000 External STDCALL
WriteFile  . . . . . . . . . . .	P Near	 00000000 FLAT	Length= 00000000 External STDCALL
WriteFloat . . . . . . . . . . .	P Near	 00000000 FLAT	Length= 00000000 External STDCALL
WriteHexB  . . . . . . . . . . .	P Near	 00000000 FLAT	Length= 00000000 External STDCALL
WriteHex . . . . . . . . . . . .	P Near	 00000000 FLAT	Length= 00000000 External STDCALL
WriteInt . . . . . . . . . . . .	P Near	 00000000 FLAT	Length= 00000000 External STDCALL
WriteStackFrameName  . . . . . .	P Near	 00000000 FLAT	Length= 00000000 External STDCALL
WriteStackFrame  . . . . . . . .	P Near	 00000000 FLAT	Length= 00000000 External STDCALL
WriteString  . . . . . . . . . .	P Near	 00000000 FLAT	Length= 00000000 External STDCALL
WriteToConsole . . . . . . . . .	P Near	 0000014C _TEXT	Length= 00000028 Public STDCALL
  countLoop  . . . . . . . . . .	L Near	 00000151 _TEXT	
  gotLength  . . . . . . . . . .	L Near	 0000015A _TEXT	
WriteToFile  . . . . . . . . . .	P Near	 00000000 FLAT	Length= 00000000 External STDCALL
WriteWindowsMsg  . . . . . . . .	P Near	 00000000 FLAT	Length= 00000000 External STDCALL
WrongGuess . . . . . . . . . . .	P Near	 00000378 _TEXT	Length= 00000007 Public STDCALL
main . . . . . . . . . . . . . .	P Near	 00000000 _TEXT	Length= 0000014C Public STDCALL
  game . . . . . . . . . . . . .	L Near	 0000006C _TEXT	
  lose_end . . . . . . . . . . .	L Near	 000000CB _TEXT	
  win_end  . . . . . . . . . . .	L Near	 00000106 _TEXT	
  game_end . . . . . . . . . . .	L Near	 0000011F _TEXT	
printf . . . . . . . . . . . . .	P Near	 00000000 FLAT	Length= 00000000 External C
scanf  . . . . . . . . . . . . .	P Near	 00000000 FLAT	Length= 00000000 External C
wsprintfA  . . . . . . . . . . .	P Near	 00000000 FLAT	Length= 00000000 External C


Symbols:

                N a m e                 Type     Value    Attr

@CodeSize  . . . . . . . . . . .	Number	 00000000h   
@DataSize  . . . . . . . . . . .	Number	 00000000h   
@Interface . . . . . . . . . . .	Number	 00000003h   
@Model . . . . . . . . . . . . .	Number	 00000007h   
@code  . . . . . . . . . . . . .	Text   	 _TEXT
@data  . . . . . . . . . . . . .	Text   	 FLAT
@fardata?  . . . . . . . . . . .	Text   	 FLAT
@fardata . . . . . . . . . . . .	Text   	 FLAT
@stack . . . . . . . . . . . . .	Text   	 FLAT
ALT_MASK . . . . . . . . . . . .	Number	 00000003h   
CAPSLOCK_ON  . . . . . . . . . .	Number	 00000080h   
CREATE_ALWAYS  . . . . . . . . .	Number	 00000002h   
CREATE_NEW . . . . . . . . . . .	Number	 00000001h   
CTRL_MASK  . . . . . . . . . . .	Number	 0000000Ch   
CreateFile . . . . . . . . . . .	Text   	 CreateFileA
DO_NOT_SHARE . . . . . . . . . .	Number	 00000000h   
ENABLE_ECHO_INPUT  . . . . . . .	Number	 00000004h   
ENABLE_LINE_INPUT  . . . . . . .	Number	 00000002h   
ENABLE_MOUSE_INPUT . . . . . . .	Number	 00000010h   
ENABLE_PROCESSED_INPUT . . . . .	Number	 00000001h   
ENABLE_PROCESSED_OUTPUT  . . . .	Number	 00000001h   
ENABLE_WINDOW_INPUT  . . . . . .	Number	 00000008h   
ENABLE_WRAP_AT_EOL_OUTPUT  . . .	Number	 00000002h   
ENHANCED_KEY . . . . . . . . . .	Number	 00000100h   
FALSE  . . . . . . . . . . . . .	Number	 00000000h   
FILE_APPEND_DATA . . . . . . . .	Number	 00000004h   
FILE_ATTRIBUTE_ARCHIVE . . . . .	Number	 00000020h   
FILE_ATTRIBUTE_COMPRESSED  . . .	Number	 00000800h   
FILE_ATTRIBUTE_DEVICE  . . . . .	Number	 00000040h   
FILE_ATTRIBUTE_DIRECTORY . . . .	Number	 00000010h   
FILE_ATTRIBUTE_ENCRYPTED . . . .	Number	 00004000h   
FILE_ATTRIBUTE_HIDDEN  . . . . .	Number	 00000002h   
FILE_ATTRIBUTE_NORMAL  . . . . .	Number	 00000080h   
FILE_ATTRIBUTE_NOT_CONTENT_INDEXED .	Number	 00002000h   
FILE_ATTRIBUTE_OFFLINE . . . . .	Number	 00001000h   
FILE_ATTRIBUTE_READONLY  . . . .	Number	 00000001h   
FILE_ATTRIBUTE_REPARSE_POINT . .	Number	 00000400h   
FILE_ATTRIBUTE_SPARSE_FILE . . .	Number	 00000200h   
FILE_ATTRIBUTE_SYSTEM  . . . . .	Number	 00000004h   
FILE_ATTRIBUTE_TEMPORARY . . . .	Number	 00000100h   
FILE_BEGIN . . . . . . . . . . .	Number	 00000000h   
FILE_CURRENT . . . . . . . . . .	Number	 00000001h   
FILE_DELETE_CHILD  . . . . . . .	Number	 00000040h   
FILE_END . . . . . . . . . . . .	Number	 00000002h   
FILE_READ_DATA . . . . . . . . .	Number	 00000001h   
FILE_SHARE_DELETE  . . . . . . .	Number	 00000004h   
FILE_SHARE_READ  . . . . . . . .	Number	 00000001h   
FILE_SHARE_WRITE . . . . . . . .	Number	 00000002h   
FILE_WRITE_DATA  . . . . . . . .	Number	 00000002h   
FOCUS_EVENT  . . . . . . . . . .	Number	 00000010h   
FORMAT_MESSAGE_ALLOCATE_BUFFER .	Number	 00000100h   
FORMAT_MESSAGE_FROM_SYSTEM . . .	Number	 00001000h   
FormatMessage  . . . . . . . . .	Text   	 FormatMessageA
GENERIC_ALL  . . . . . . . . . .	Number	 10000000h   
GENERIC_EXECUTE  . . . . . . . .	Number	 20000000h   
GENERIC_READ . . . . . . . . . .	Number	 -80000000h   
GENERIC_WRITE  . . . . . . . . .	Number	 40000000h   
GetCommandLine . . . . . . . . .	Text   	 GetCommandLineA
HANDLE . . . . . . . . . . . . .	Text   	 DWORD
HEAP_GENERATE_EXCEPTIONS . . . .	Number	 00000004h   
HEAP_GROWABLE  . . . . . . . . .	Number	 00000002h   
HEAP_NO_SERIALIZE  . . . . . . .	Number	 00000001h   
HEAP_REALLOC_IN_PLACE_ONLY . . .	Number	 00000010h   
HEAP_ZERO_MEMORY . . . . . . . .	Number	 00000008h   
IDABORT  . . . . . . . . . . . .	Number	 00000003h   
IDCANCEL . . . . . . . . . . . .	Number	 00000002h   
IDCLOSE  . . . . . . . . . . . .	Number	 00000008h   
IDCONTINUE . . . . . . . . . . .	Number	 0000000Bh   
IDHELP . . . . . . . . . . . . .	Number	 00000009h   
IDIGNORE . . . . . . . . . . . .	Number	 00000005h   
IDNO . . . . . . . . . . . . . .	Number	 00000007h   
IDOK . . . . . . . . . . . . . .	Number	 00000001h   
IDRETRY  . . . . . . . . . . . .	Number	 00000004h   
IDTIMEOUT  . . . . . . . . . . .	Number	 00007D00h   
IDTRYAGAIN . . . . . . . . . . .	Number	 0000000Ah   
IDYES  . . . . . . . . . . . . .	Number	 00000006h   
INVALID_HANDLE_VALUE . . . . . .	Number	 -00000001h   
KBDOWN_FLAG  . . . . . . . . . .	Number	 00000001h   
KEY_EVENT  . . . . . . . . . . .	Number	 00000001h   
KEY_MASKS  . . . . . . . . . . .	Number	 0000001Fh   
LEFT_ALT_PRESSED . . . . . . . .	Number	 00000002h   
LEFT_CTRL_PRESSED  . . . . . . .	Number	 00000008h   
MB_ABORTRETRYIGNORE  . . . . . .	Number	 00000002h   
MB_APPLMODAL . . . . . . . . . .	Number	 00000000h   
MB_CANCELTRYCONTINUE . . . . . .	Number	 00000006h   
MB_DEFBUTTON1  . . . . . . . . .	Number	 00000000h   
MB_DEFBUTTON2  . . . . . . . . .	Number	 00000100h   
MB_DEFBUTTON3  . . . . . . . . .	Number	 00000200h   
MB_DEFBUTTON4  . . . . . . . . .	Number	 00000300h   
MB_HELP  . . . . . . . . . . . .	Number	 00004000h   
MB_ICONASTERISK  . . . . . . . .	Number	 00000040h   
MB_ICONERROR . . . . . . . . . .	Number	 00000010h   
MB_ICONEXCLAMATION . . . . . . .	Number	 00000030h   
MB_ICONHAND  . . . . . . . . . .	Number	 00000010h   
MB_ICONINFORMATION . . . . . . .	Number	 00000040h   
MB_ICONQUESTION  . . . . . . . .	Number	 00000020h   
MB_ICONSTOP  . . . . . . . . . .	Number	 00000010h   
MB_ICONWARNING . . . . . . . . .	Number	 00000030h   
MB_OKCANCEL  . . . . . . . . . .	Number	 00000001h   
MB_OK  . . . . . . . . . . . . .	Number	 00000000h   
MB_RETRYCANCEL . . . . . . . . .	Number	 00000005h   
MB_SYSTEMMODAL . . . . . . . . .	Number	 00001000h   
MB_TASKMODAL . . . . . . . . . .	Number	 00002000h   
MB_USERICON  . . . . . . . . . .	Number	 00000080h   
MB_YESNOCANCEL . . . . . . . . .	Number	 00000003h   
MB_YESNO . . . . . . . . . . . .	Number	 00000004h   
MENU_EVENT . . . . . . . . . . .	Number	 00000008h   
MOUSE_EVENT  . . . . . . . . . .	Number	 00000002h   
MessageBox . . . . . . . . . . .	Text   	 MessageBoxA
NULL . . . . . . . . . . . . . .	Number	 00000000h   
NUMLOCK_ON . . . . . . . . . . .	Number	 00000020h   
OPEN_ALWAYS  . . . . . . . . . .	Number	 00000004h   
OPEN_EXISTING  . . . . . . . . .	Number	 00000003h   
PeekConsoleInput . . . . . . . .	Text   	 PeekConsoleInputA
RIGHT_ALT_PRESSED  . . . . . . .	Number	 00000001h   
RIGHT_CTRL_PRESSED . . . . . . .	Number	 00000004h   
ReadConsoleInput . . . . . . . .	Text   	 ReadConsoleInputA
ReadConsole  . . . . . . . . . .	Text   	 ReadConsoleA
SCROLLLOCK_ON  . . . . . . . . .	Number	 00000040h   
SHIFT_MASK . . . . . . . . . . .	Number	 00000010h   
SHIFT_PRESSED  . . . . . . . . .	Number	 00000010h   
STD_ERROR_HANDLE . . . . . . . .	Number	 -0000000Ch   
STD_INPUT_HANDLE . . . . . . . .	Number	 -0000000Ah   
STD_OUTPUT_HANDLE  . . . . . . .	Number	 -0000000Bh   
SetConsoleTitle  . . . . . . . .	Text   	 SetConsoleTitleA
TAB  . . . . . . . . . . . . . .	Number	 00000009h   
TRUE . . . . . . . . . . . . . .	Number	 00000001h   
TRUNCATE_EXISTING  . . . . . . .	Number	 00000005h   
VK_11  . . . . . . . . . . . . .	Number	 000000BDh   
VK_12  . . . . . . . . . . . . .	Number	 000000BBh   
VK_ADD . . . . . . . . . . . . .	Number	 0000006Bh   
VK_BACK  . . . . . . . . . . . .	Number	 00000008h   
VK_CANCEL  . . . . . . . . . . .	Number	 00000003h   
VK_CAPITAL . . . . . . . . . . .	Number	 00000014h   
VK_CLEAR . . . . . . . . . . . .	Number	 0000000Ch   
VK_CONTROL . . . . . . . . . . .	Number	 00000011h   
VK_DECIMAL . . . . . . . . . . .	Number	 0000006Eh   
VK_DELETE  . . . . . . . . . . .	Number	 0000002Eh   
VK_DIVIDE  . . . . . . . . . . .	Number	 0000006Fh   
VK_DOWN  . . . . . . . . . . . .	Number	 00000028h   
VK_END . . . . . . . . . . . . .	Number	 00000023h   
VK_ESCAPE  . . . . . . . . . . .	Number	 0000001Bh   
VK_EXECUTE . . . . . . . . . . .	Number	 0000002Bh   
VK_F10 . . . . . . . . . . . . .	Number	 00000079h   
VK_F11 . . . . . . . . . . . . .	Number	 0000007Ah   
VK_F12 . . . . . . . . . . . . .	Number	 0000007Bh   
VK_F13 . . . . . . . . . . . . .	Number	 0000007Ch   
VK_F14 . . . . . . . . . . . . .	Number	 0000007Dh   
VK_F15 . . . . . . . . . . . . .	Number	 0000007Eh   
VK_F16 . . . . . . . . . . . . .	Number	 0000007Fh   
VK_F17 . . . . . . . . . . . . .	Number	 00000080h   
VK_F18 . . . . . . . . . . . . .	Number	 00000081h   
VK_F19 . . . . . . . . . . . . .	Number	 00000082h   
VK_F1  . . . . . . . . . . . . .	Number	 00000070h   
VK_F20 . . . . . . . . . . . . .	Number	 00000083h   
VK_F21 . . . . . . . . . . . . .	Number	 00000084h   
VK_F22 . . . . . . . . . . . . .	Number	 00000085h   
VK_F23 . . . . . . . . . . . . .	Number	 00000086h   
VK_F24 . . . . . . . . . . . . .	Number	 00000087h   
VK_F2  . . . . . . . . . . . . .	Number	 00000071h   
VK_F3  . . . . . . . . . . . . .	Number	 00000072h   
VK_F4  . . . . . . . . . . . . .	Number	 00000073h   
VK_F5  . . . . . . . . . . . . .	Number	 00000074h   
VK_F6  . . . . . . . . . . . . .	Number	 00000075h   
VK_F7  . . . . . . . . . . . . .	Number	 00000076h   
VK_F8  . . . . . . . . . . . . .	Number	 00000077h   
VK_F9  . . . . . . . . . . . . .	Number	 00000078h   
VK_HELP  . . . . . . . . . . . .	Number	 0000002Fh   
VK_HOME  . . . . . . . . . . . .	Number	 00000024h   
VK_INSERT  . . . . . . . . . . .	Number	 0000002Dh   
VK_LBUTTON . . . . . . . . . . .	Number	 00000001h   
VK_LCONTROL  . . . . . . . . . .	Number	 000000A2h   
VK_LEFT  . . . . . . . . . . . .	Number	 00000025h   
VK_LMENU . . . . . . . . . . . .	Number	 000000A4h   
VK_LSHIFT  . . . . . . . . . . .	Number	 000000A0h   
VK_MENU  . . . . . . . . . . . .	Number	 00000012h   
VK_MULTIPLY  . . . . . . . . . .	Number	 0000006Ah   
VK_NEXT  . . . . . . . . . . . .	Number	 00000022h   
VK_NUMLOCK . . . . . . . . . . .	Number	 00000090h   
VK_NUMPAD0 . . . . . . . . . . .	Number	 00000060h   
VK_NUMPAD1 . . . . . . . . . . .	Number	 00000061h   
VK_NUMPAD2 . . . . . . . . . . .	Number	 00000062h   
VK_NUMPAD3 . . . . . . . . . . .	Number	 00000063h   
VK_NUMPAD4 . . . . . . . . . . .	Number	 00000064h   
VK_NUMPAD5 . . . . . . . . . . .	Number	 00000065h   
VK_NUMPAD6 . . . . . . . . . . .	Number	 00000066h   
VK_NUMPAD7 . . . . . . . . . . .	Number	 00000067h   
VK_NUMPAD8 . . . . . . . . . . .	Number	 00000068h   
VK_NUMPAD9 . . . . . . . . . . .	Number	 00000069h   
VK_PAUSE . . . . . . . . . . . .	Number	 00000013h   
VK_PRINT . . . . . . . . . . . .	Number	 0000002Ah   
VK_PRIOR . . . . . . . . . . . .	Number	 00000021h   
VK_RBUTTON . . . . . . . . . . .	Number	 00000002h   
VK_RCONTROL  . . . . . . . . . .	Number	 000000A3h   
VK_RETURN  . . . . . . . . . . .	Number	 0000000Dh   
VK_RIGHT . . . . . . . . . . . .	Number	 00000027h   
VK_RMENU . . . . . . . . . . . .	Number	 000000A5h   
VK_RSHIFT  . . . . . . . . . . .	Number	 000000A1h   
VK_SCROLL  . . . . . . . . . . .	Number	 00000091h   
VK_SEPARATER . . . . . . . . . .	Number	 0000006Ch   
VK_SHIFT . . . . . . . . . . . .	Number	 00000010h   
VK_SNAPSHOT  . . . . . . . . . .	Number	 0000002Ch   
VK_SPACE . . . . . . . . . . . .	Number	 00000020h   
VK_SUBTRACT  . . . . . . . . . .	Number	 0000006Dh   
VK_TAB . . . . . . . . . . . . .	Number	 00000009h   
VK_UP  . . . . . . . . . . . . .	Number	 00000026h   
WINDOW_BUFFER_SIZE_EVENT . . . .	Number	 00000004h   
WriteConsoleOutputCharacter  . .	Text   	 WriteConsoleOutputCharacterA
WriteConsole . . . . . . . . . .	Text   	 WriteConsoleA
black  . . . . . . . . . . . . .	Number	 00000000h   
blue . . . . . . . . . . . . . .	Number	 00000001h   
brown  . . . . . . . . . . . . .	Number	 00000006h   
bytesWritten . . . . . . . . . .	DWord	 00000004 _DATA	
commaSpace . . . . . . . . . . .	Byte	 000000F6 _DATA	
consoleHandle  . . . . . . . . .	DWord	 00000000 _DATA	
correct_letters  . . . . . . . .	DWord	 000000AF _DATA	
cyan . . . . . . . . . . . . . .	Number	 00000003h   
exit_text  . . . . . . . . . . .	Byte	 00000120 _DATA	
exit . . . . . . . . . . . . . .	Text   	 INVOKE ExitProcess,0
gray . . . . . . . . . . . . . .	Number	 00000008h   
green  . . . . . . . . . . . . .	Number	 00000002h   
guess_colors . . . . . . . . . .	Word	 00000077 _DATA	
guess_word . . . . . . . . . . .	DWord	 0000000F _DATA	
guessed_count  . . . . . . . . .	DWord	 00000073 _DATA	
guessed_display  . . . . . . . .	Byte	 000000EC _DATA	
guessed_letters  . . . . . . . .	Byte	 00000058 _DATA	
hangman_pointers . . . . . . . .	DWord	 00000000 FLAT	External STDCALL
letter_guessed . . . . . . . . .	Byte	 00000057 _DATA	
lightBlue  . . . . . . . . . . .	Number	 00000009h   
lightCyan  . . . . . . . . . . .	Number	 0000000Bh   
lightGray  . . . . . . . . . . .	Number	 00000007h   
lightGreen . . . . . . . . . . .	Number	 0000000Ah   
lightMagenta . . . . . . . . . .	Number	 0000000Dh   
lightRed . . . . . . . . . . . .	Number	 0000000Ch   
lose_text  . . . . . . . . . . .	Byte	 00000104 _DATA	
magenta  . . . . . . . . . . . .	Number	 00000005h   
max_wrong  . . . . . . . . . . .	DWord	 00000000 FLAT	External STDCALL
newline  . . . . . . . . . . . .	Byte	 00000008 _DATA	
oneChar  . . . . . . . . . . . .	Byte	 000000AD _DATA	
prompt . . . . . . . . . . . . .	Byte	 000000CF _DATA	
red  . . . . . . . . . . . . . .	Number	 00000004h   
revealed_word  . . . . . . . . .	Byte	 00000017 _DATA	
seed . . . . . . . . . . . . . .	DWord	 0000000B _DATA	
titleArt . . . . . . . . . . . .	Byte	 00000000 FLAT	External STDCALL
titlePrompt  . . . . . . . . . .	Byte	 000000B7 _DATA	
white  . . . . . . . . . . . . .	Number	 0000000Fh   
win_text . . . . . . . . . . . .	Byte	 000000F9 _DATA	
wordCount  . . . . . . . . . . .	DWord	 00000000 FLAT	External STDCALL
word_length  . . . . . . . . . .	DWord	 00000013 _DATA	
words  . . . . . . . . . . . . .	DWord	 00000000 FLAT	External STDCALL
wrong_guesses  . . . . . . . . .	DWord	 000000B3 _DATA	
wsprintf . . . . . . . . . . . .	Text   	 wsprintfA
yellow . . . . . . . . . . . . .	Number	 0000000Eh   

	   0 Warnings
	   0 Errors
